<?xml version="1.0" encoding="UTF-8"?>
<!-- Generated by org.testng.reporters.JUnitXMLReporter -->
<testsuite hostname="nikita-pc-linux" tests="8" failures="1" timestamp="9 Oct 2013 20:04:26 GMT" time="308.792" errors="0">
  <testcase name="SanityTest" time="1.818" classname="Tests"/>
  <testcase name="changeCityTest" time="45.704" classname="Tests">
    <failure type="java.lang.AssertionError" message="expected [Тамбов] but found [Москва]">
      <![CDATA[java.lang.AssertionError: expected [Тамбов] but found [Москва]
	at Tests.changeCityTest(Tests.java:65)
	at java.util.concurrent.FutureTask$Sync.innerRun(FutureTask.java:334)
	at java.util.concurrent.FutureTask.run(FutureTask.java:166)
	at java.util.concurrent.ThreadPoolExecutor.runWorker(ThreadPoolExecutor.java:1145)
	at java.util.concurrent.ThreadPoolExecutor$Worker.run(ThreadPoolExecutor.java:615)
	at java.lang.Thread.run(Thread.java:724)
... Removed 21 stack frames]]>
    </failure>
  </testcase> <!-- changeCityTest -->
  <testcase name="citySunriseTest" time="9.182" classname="Tests"/>
  <testcase name="complexWorkTest" time="4.698" classname="Tests"/>
  <testcase name="dateSunriseTest" time="14.755" classname="Tests"/>
  <testcase name="datedefinitionSunriseTest" time="17.417" classname="Tests"/>
  <testcase name="suggestsCityTest" time="7.765" classname="Tests"/>
  <testcase name="suggestsTest" time="1.682" classname="Tests"/>
</testsuite>
