<?xml version="1.0" encoding="UTF-8"?>
<testng-results skipped="8" failed="1" total="16" passed="7">
  <reporter-output>
  </reporter-output>
  <suite name="auto test framework tests" duration-ms="320653" started-at="2013-10-08T21:05:26Z" finished-at="2013-10-08T21:10:47Z">
    <groups>
    </groups>
    <test name="chrome" duration-ms="546" started-at="2013-10-08T21:05:26Z" finished-at="2013-10-08T21:05:26Z">
      <class name="Tests">
        <test-method status="FAIL" signature="setUp(java.lang.String, java.lang.String, java.lang.String)[pri:0, instance:Tests@687090a8]" name="setUp" is-config="true" duration-ms="0" started-at="2013-10-09T01:05:26Z" finished-at="2013-10-09T01:05:26Z">
          <params>
            <param index="0">
              <value>
                <![CDATA[chrome]]>
              </value>
            </param>
            <param index="1">
              <value>
                <![CDATA[http://localhost:4444/wd/hub]]>
              </value>
            </param>
            <param index="2">
              <value>
                <![CDATA[http://go.mail.ru]]>
              </value>
            </param>
          </params>
          <exception class="org.openqa.selenium.WebDriverException">
            <message>
              <![CDATA[The path to the driver executable must be set by the webdriver.chrome.driver system property; for more information, see http://code.google.com/p/selenium/wiki/ChromeDriver. The latest version can be downloaded from http://code.google.com/p/chromedriver/downloads/list
Command duration or timeout: 143 milliseconds
Build info: version: '2.35.0', revision: '8df0c6bedf70ff9f22c647788f9fe9c8d22210e2', time: '2013-08-17 12:46:41'
System info: os.name: 'Linux', os.arch: 'amd64', os.version: '3.11.1-031101-generic', java.version: '1.7.0_25'
Driver info: org.openqa.selenium.remote.RemoteWebDriver]]>
            </message>
            <full-stacktrace>
              <![CDATA[org.openqa.selenium.WebDriverException: The path to the driver executable must be set by the webdriver.chrome.driver system property; for more information, see http://code.google.com/p/selenium/wiki/ChromeDriver. The latest version can be downloaded from http://code.google.com/p/chromedriver/downloads/list
Command duration or timeout: 143 milliseconds
Build info: version: '2.35.0', revision: '8df0c6bedf70ff9f22c647788f9fe9c8d22210e2', time: '2013-08-17 12:46:41'
System info: os.name: 'Linux', os.arch: 'amd64', os.version: '3.11.1-031101-generic', java.version: '1.7.0_25'
Driver info: org.openqa.selenium.remote.RemoteWebDriver
	at sun.reflect.NativeConstructorAccessorImpl.newInstance0(Native Method)
	at sun.reflect.NativeConstructorAccessorImpl.newInstance(NativeConstructorAccessorImpl.java:57)
	at sun.reflect.DelegatingConstructorAccessorImpl.newInstance(DelegatingConstructorAccessorImpl.java:45)
	at java.lang.reflect.Constructor.newInstance(Constructor.java:526)
	at org.openqa.selenium.remote.ErrorHandler.createThrowable(ErrorHandler.java:191)
	at org.openqa.selenium.remote.ErrorHandler.throwIfResponseFailed(ErrorHandler.java:145)
	at org.openqa.selenium.remote.RemoteWebDriver.execute(RemoteWebDriver.java:554)
	at org.openqa.selenium.remote.RemoteWebDriver.startSession(RemoteWebDriver.java:216)
	at org.openqa.selenium.remote.RemoteWebDriver.<init>(RemoteWebDriver.java:111)
	at org.openqa.selenium.remote.RemoteWebDriver.<init>(RemoteWebDriver.java:129)
	at Tests.setUp(Tests.java:25)
	at sun.reflect.NativeMethodAccessorImpl.invoke0(Native Method)
	at sun.reflect.NativeMethodAccessorImpl.invoke(NativeMethodAccessorImpl.java:57)
	at sun.reflect.DelegatingMethodAccessorImpl.invoke(DelegatingMethodAccessorImpl.java:43)
	at java.lang.reflect.Method.invoke(Method.java:606)
	at org.testng.internal.MethodInvocationHelper.invokeMethod(MethodInvocationHelper.java:84)
	at org.testng.internal.Invoker.invokeConfigurationMethod(Invoker.java:564)
	at org.testng.internal.Invoker.invokeConfigurations(Invoker.java:213)
	at org.testng.internal.Invoker.invokeMethod(Invoker.java:653)
	at org.testng.internal.Invoker.invokeTestMethod(Invoker.java:901)
	at org.testng.internal.Invoker.invokeTestMethods(Invoker.java:1231)
	at org.testng.internal.TestMethodWorker.invokeTestMethods(TestMethodWorker.java:127)
	at org.testng.internal.TestMethodWorker.run(TestMethodWorker.java:111)
	at org.testng.TestRunner.privateRun(TestRunner.java:767)
	at org.testng.TestRunner.run(TestRunner.java:617)
	at org.testng.SuiteRunner.runTest(SuiteRunner.java:334)
	at org.testng.SuiteRunner.access$000(SuiteRunner.java:37)
	at org.testng.SuiteRunner$SuiteWorker.run(SuiteRunner.java:368)
	at org.testng.internal.thread.ThreadUtil$2.call(ThreadUtil.java:64)
	at java.util.concurrent.FutureTask$Sync.innerRun(FutureTask.java:334)
	at java.util.concurrent.FutureTask.run(FutureTask.java:166)
	at java.util.concurrent.ThreadPoolExecutor.runWorker(ThreadPoolExecutor.java:1145)
	at java.util.concurrent.ThreadPoolExecutor$Worker.run(ThreadPoolExecutor.java:615)
	at java.lang.Thread.run(Thread.java:724)
Caused by: java.lang.IllegalStateException: The path to the driver executable must be set by the webdriver.chrome.driver system property; for more information, see http://code.google.com/p/selenium/wiki/ChromeDriver. The latest version can be downloaded from http://code.google.com/p/chromedriver/downloads/list
	at com.google.common.base.Preconditions.checkState(Preconditions.java:176)
	at org.openqa.selenium.remote.service.DriverService.findExecutable(DriverService.java:105)
	at org.openqa.selenium.chrome.ChromeDriverService.createDefaultService(ChromeDriverService.java:75)
	at org.openqa.selenium.chrome.ChromeDriver.<init>(ChromeDriver.java:129)
	at sun.reflect.NativeConstructorAccessorImpl.newInstance0(Native Method)
	at sun.reflect.NativeConstructorAccessorImpl.newInstance(NativeConstructorAccessorImpl.java:57)
	at sun.reflect.DelegatingConstructorAccessorImpl.newInstance(DelegatingConstructorAccessorImpl.java:45)
	at java.lang.reflect.Constructor.newInstance(Constructor.java:526)
	at org.openqa.selenium.remote.server.DefaultDriverFactory.callConstructor(DefaultDriverFactory.java:62)
	at org.openqa.selenium.remote.server.DefaultDriverFactory.newInstance(DefaultDriverFactory.java:56)
	at org.openqa.selenium.remote.server.DefaultSession$BrowserCreator.call(DefaultSession.java:215)
	at org.openqa.selenium.remote.server.DefaultSession$BrowserCreator.call(DefaultSession.java:1)
	at java.util.concurrent.FutureTask$Sync.innerRun(FutureTask.java:334)
	at java.util.concurrent.FutureTask.run(FutureTask.java:166)
	at org.openqa.selenium.remote.server.DefaultSession$1.run(DefaultSession.java:169)
	... 3 more
]]>
            </full-stacktrace>
          </exception> <!-- org.openqa.selenium.WebDriverException -->
          <reporter-output>
          </reporter-output>
        </test-method> <!-- setUp -->
        <test-method status="SKIP" signature="SanityTest()[pri:0, instance:Tests@687090a8]" name="SanityTest" duration-ms="1" started-at="2013-10-09T01:05:26Z" finished-at="2013-10-09T01:05:26Z">
          <reporter-output>
          </reporter-output>
        </test-method> <!-- SanityTest -->
        <test-method status="SKIP" signature="tearDown()[pri:0, instance:Tests@687090a8]" name="tearDown" is-config="true" duration-ms="0" started-at="2013-10-09T01:05:26Z" finished-at="2013-10-09T01:05:26Z">
          <reporter-output>
          </reporter-output>
        </test-method> <!-- tearDown -->
        <test-method status="SKIP" signature="setUp(java.lang.String, java.lang.String, java.lang.String)[pri:0, instance:Tests@687090a8]" name="setUp" is-config="true" duration-ms="0" started-at="2013-10-09T01:05:26Z" finished-at="2013-10-09T01:05:26Z">
          <reporter-output>
          </reporter-output>
        </test-method> <!-- setUp -->
        <test-method status="SKIP" signature="changeCityTest()[pri:0, instance:Tests@687090a8]" name="changeCityTest" duration-ms="0" started-at="2013-10-09T01:05:26Z" finished-at="2013-10-09T01:05:26Z">
          <reporter-output>
          </reporter-output>
        </test-method> <!-- changeCityTest -->
        <test-method status="SKIP" signature="tearDown()[pri:0, instance:Tests@687090a8]" name="tearDown" is-config="true" duration-ms="0" started-at="2013-10-09T01:05:26Z" finished-at="2013-10-09T01:05:26Z">
          <reporter-output>
          </reporter-output>
        </test-method> <!-- tearDown -->
        <test-method status="SKIP" signature="setUp(java.lang.String, java.lang.String, java.lang.String)[pri:0, instance:Tests@687090a8]" name="setUp" is-config="true" duration-ms="0" started-at="2013-10-09T01:05:26Z" finished-at="2013-10-09T01:05:26Z">
          <reporter-output>
          </reporter-output>
        </test-method> <!-- setUp -->
        <test-method status="SKIP" signature="citySunriseTest()[pri:0, instance:Tests@687090a8]" name="citySunriseTest" duration-ms="1" started-at="2013-10-09T01:05:26Z" finished-at="2013-10-09T01:05:26Z">
          <reporter-output>
          </reporter-output>
        </test-method> <!-- citySunriseTest -->
        <test-method status="SKIP" signature="tearDown()[pri:0, instance:Tests@687090a8]" name="tearDown" is-config="true" duration-ms="0" started-at="2013-10-09T01:05:26Z" finished-at="2013-10-09T01:05:26Z">
          <reporter-output>
          </reporter-output>
        </test-method> <!-- tearDown -->
        <test-method status="SKIP" signature="setUp(java.lang.String, java.lang.String, java.lang.String)[pri:0, instance:Tests@687090a8]" name="setUp" is-config="true" duration-ms="0" started-at="2013-10-09T01:05:26Z" finished-at="2013-10-09T01:05:26Z">
          <reporter-output>
          </reporter-output>
        </test-method> <!-- setUp -->
        <test-method status="SKIP" signature="complexWorkTest()[pri:0, instance:Tests@687090a8]" name="complexWorkTest" duration-ms="0" started-at="2013-10-09T01:05:26Z" finished-at="2013-10-09T01:05:26Z">
          <reporter-output>
          </reporter-output>
        </test-method> <!-- complexWorkTest -->
        <test-method status="SKIP" signature="tearDown()[pri:0, instance:Tests@687090a8]" name="tearDown" is-config="true" duration-ms="0" started-at="2013-10-09T01:05:26Z" finished-at="2013-10-09T01:05:26Z">
          <reporter-output>
          </reporter-output>
        </test-method> <!-- tearDown -->
        <test-method status="SKIP" signature="setUp(java.lang.String, java.lang.String, java.lang.String)[pri:0, instance:Tests@687090a8]" name="setUp" is-config="true" duration-ms="0" started-at="2013-10-09T01:05:26Z" finished-at="2013-10-09T01:05:26Z">
          <reporter-output>
          </reporter-output>
        </test-method> <!-- setUp -->
        <test-method status="SKIP" signature="dateSunriseTest()[pri:0, instance:Tests@687090a8]" name="dateSunriseTest" duration-ms="1" started-at="2013-10-09T01:05:26Z" finished-at="2013-10-09T01:05:26Z">
          <reporter-output>
          </reporter-output>
        </test-method> <!-- dateSunriseTest -->
        <test-method status="SKIP" signature="tearDown()[pri:0, instance:Tests@687090a8]" name="tearDown" is-config="true" duration-ms="0" started-at="2013-10-09T01:05:26Z" finished-at="2013-10-09T01:05:26Z">
          <reporter-output>
          </reporter-output>
        </test-method> <!-- tearDown -->
        <test-method status="SKIP" signature="setUp(java.lang.String, java.lang.String, java.lang.String)[pri:0, instance:Tests@687090a8]" name="setUp" is-config="true" duration-ms="0" started-at="2013-10-09T01:05:26Z" finished-at="2013-10-09T01:05:26Z">
          <reporter-output>
          </reporter-output>
        </test-method> <!-- setUp -->
        <test-method status="SKIP" signature="datedefinitionSunriseTest()[pri:0, instance:Tests@687090a8]" name="datedefinitionSunriseTest" duration-ms="1" started-at="2013-10-09T01:05:26Z" finished-at="2013-10-09T01:05:26Z">
          <reporter-output>
          </reporter-output>
        </test-method> <!-- datedefinitionSunriseTest -->
        <test-method status="SKIP" signature="tearDown()[pri:0, instance:Tests@687090a8]" name="tearDown" is-config="true" duration-ms="0" started-at="2013-10-09T01:05:26Z" finished-at="2013-10-09T01:05:26Z">
          <reporter-output>
          </reporter-output>
        </test-method> <!-- tearDown -->
        <test-method status="SKIP" signature="setUp(java.lang.String, java.lang.String, java.lang.String)[pri:0, instance:Tests@687090a8]" name="setUp" is-config="true" duration-ms="0" started-at="2013-10-09T01:05:26Z" finished-at="2013-10-09T01:05:26Z">
          <reporter-output>
          </reporter-output>
        </test-method> <!-- setUp -->
        <test-method status="SKIP" signature="tearDown()[pri:0, instance:Tests@687090a8]" name="tearDown" is-config="true" duration-ms="0" started-at="2013-10-09T01:05:26Z" finished-at="2013-10-09T01:05:26Z">
          <reporter-output>
          </reporter-output>
        </test-method> <!-- tearDown -->
        <test-method status="SKIP" signature="suggestsCityTest()[pri:0, instance:Tests@687090a8]" name="suggestsCityTest" duration-ms="0" started-at="2013-10-09T01:05:26Z" finished-at="2013-10-09T01:05:26Z">
          <reporter-output>
          </reporter-output>
        </test-method> <!-- suggestsCityTest -->
        <test-method status="SKIP" signature="setUp(java.lang.String, java.lang.String, java.lang.String)[pri:0, instance:Tests@687090a8]" name="setUp" is-config="true" duration-ms="0" started-at="2013-10-09T01:05:26Z" finished-at="2013-10-09T01:05:26Z">
          <reporter-output>
          </reporter-output>
        </test-method> <!-- setUp -->
        <test-method status="SKIP" signature="suggestsTest()[pri:0, instance:Tests@687090a8]" name="suggestsTest" duration-ms="0" started-at="2013-10-09T01:05:26Z" finished-at="2013-10-09T01:05:26Z">
          <reporter-output>
          </reporter-output>
        </test-method> <!-- suggestsTest -->
        <test-method status="SKIP" signature="tearDown()[pri:0, instance:Tests@687090a8]" name="tearDown" is-config="true" duration-ms="0" started-at="2013-10-09T01:05:26Z" finished-at="2013-10-09T01:05:26Z">
          <reporter-output>
          </reporter-output>
        </test-method> <!-- tearDown -->
      </class> <!-- Tests -->
    </test> <!-- chrome -->
    <test name="firefox" duration-ms="320653" started-at="2013-10-08T21:05:26Z" finished-at="2013-10-08T21:10:47Z">
      <class name="Tests">
        <test-method status="PASS" signature="setUp(java.lang.String, java.lang.String, java.lang.String)[pri:0, instance:Tests@4ba046fe]" name="setUp" is-config="true" duration-ms="30838" started-at="2013-10-09T01:05:26Z" finished-at="2013-10-09T01:05:57Z">
          <params>
            <param index="0">
              <value>
                <![CDATA[firefox]]>
              </value>
            </param>
            <param index="1">
              <value>
                <![CDATA[http://localhost:4444/wd/hub]]>
              </value>
            </param>
            <param index="2">
              <value>
                <![CDATA[http://go.mail.ru]]>
              </value>
            </param>
          </params>
          <reporter-output>
          </reporter-output>
        </test-method> <!-- setUp -->
        <test-method status="PASS" signature="SanityTest()[pri:0, instance:Tests@4ba046fe]" name="SanityTest" duration-ms="2851" started-at="2013-10-09T01:05:57Z" finished-at="2013-10-09T01:06:00Z">
          <reporter-output>
          </reporter-output>
        </test-method> <!-- SanityTest -->
        <test-method status="PASS" signature="tearDown()[pri:0, instance:Tests@4ba046fe]" name="tearDown" is-config="true" duration-ms="75" started-at="2013-10-09T01:06:00Z" finished-at="2013-10-09T01:06:00Z">
          <reporter-output>
          </reporter-output>
        </test-method> <!-- tearDown -->
        <test-method status="PASS" signature="setUp(java.lang.String, java.lang.String, java.lang.String)[pri:0, instance:Tests@4ba046fe]" name="setUp" is-config="true" duration-ms="16475" started-at="2013-10-09T01:06:00Z" finished-at="2013-10-09T01:06:16Z">
          <params>
            <param index="0">
              <value>
                <![CDATA[firefox]]>
              </value>
            </param>
            <param index="1">
              <value>
                <![CDATA[http://localhost:4444/wd/hub]]>
              </value>
            </param>
            <param index="2">
              <value>
                <![CDATA[http://go.mail.ru]]>
              </value>
            </param>
          </params>
          <reporter-output>
          </reporter-output>
        </test-method> <!-- setUp -->
        <test-method status="FAIL" signature="changeCityTest()[pri:0, instance:Tests@4ba046fe]" name="changeCityTest" duration-ms="1157" started-at="2013-10-09T01:06:16Z" finished-at="2013-10-09T01:06:17Z">
          <exception class="java.lang.AssertionError">
            <message>
              <![CDATA[expected [: Тамбов] but found [: Москва]]]>
            </message>
            <full-stacktrace>
              <![CDATA[java.lang.AssertionError: expected [: Тамбов] but found [: Москва]
	at org.testng.Assert.fail(Assert.java:94)
	at org.testng.Assert.failNotEquals(Assert.java:494)
	at org.testng.Assert.assertEquals(Assert.java:123)
	at org.testng.Assert.assertEquals(Assert.java:176)
	at org.testng.Assert.assertEquals(Assert.java:186)
	at Tests.changeCityTest(Tests.java:65)
	at sun.reflect.NativeMethodAccessorImpl.invoke0(Native Method)
	at sun.reflect.NativeMethodAccessorImpl.invoke(NativeMethodAccessorImpl.java:57)
	at sun.reflect.DelegatingMethodAccessorImpl.invoke(DelegatingMethodAccessorImpl.java:43)
	at java.lang.reflect.Method.invoke(Method.java:606)
	at org.testng.internal.MethodInvocationHelper.invokeMethod(MethodInvocationHelper.java:84)
	at org.testng.internal.Invoker.invokeMethod(Invoker.java:714)
	at org.testng.internal.Invoker.invokeTestMethod(Invoker.java:901)
	at org.testng.internal.Invoker.invokeTestMethods(Invoker.java:1231)
	at org.testng.internal.TestMethodWorker.invokeTestMethods(TestMethodWorker.java:127)
	at org.testng.internal.TestMethodWorker.run(TestMethodWorker.java:111)
	at org.testng.TestRunner.privateRun(TestRunner.java:767)
	at org.testng.TestRunner.run(TestRunner.java:617)
	at org.testng.SuiteRunner.runTest(SuiteRunner.java:334)
	at org.testng.SuiteRunner.access$000(SuiteRunner.java:37)
	at org.testng.SuiteRunner$SuiteWorker.run(SuiteRunner.java:368)
	at org.testng.internal.thread.ThreadUtil$2.call(ThreadUtil.java:64)
	at java.util.concurrent.FutureTask$Sync.innerRun(FutureTask.java:334)
	at java.util.concurrent.FutureTask.run(FutureTask.java:166)
	at java.util.concurrent.ThreadPoolExecutor.runWorker(ThreadPoolExecutor.java:1145)
	at java.util.concurrent.ThreadPoolExecutor$Worker.run(ThreadPoolExecutor.java:615)
	at java.lang.Thread.run(Thread.java:724)
]]>
            </full-stacktrace>
          </exception> <!-- java.lang.AssertionError -->
          <reporter-output>
          </reporter-output>
        </test-method> <!-- changeCityTest -->
        <test-method status="PASS" signature="tearDown()[pri:0, instance:Tests@4ba046fe]" name="tearDown" is-config="true" duration-ms="75" started-at="2013-10-09T01:06:17Z" finished-at="2013-10-09T01:06:17Z">
          <reporter-output>
          </reporter-output>
        </test-method> <!-- tearDown -->
        <test-method status="PASS" signature="setUp(java.lang.String, java.lang.String, java.lang.String)[pri:0, instance:Tests@4ba046fe]" name="setUp" is-config="true" duration-ms="17491" started-at="2013-10-09T01:06:17Z" finished-at="2013-10-09T01:06:35Z">
          <params>
            <param index="0">
              <value>
                <![CDATA[firefox]]>
              </value>
            </param>
            <param index="1">
              <value>
                <![CDATA[http://localhost:4444/wd/hub]]>
              </value>
            </param>
            <param index="2">
              <value>
                <![CDATA[http://go.mail.ru]]>
              </value>
            </param>
          </params>
          <reporter-output>
          </reporter-output>
        </test-method> <!-- setUp -->
        <test-method status="PASS" signature="citySunriseTest()[pri:0, instance:Tests@4ba046fe]" name="citySunriseTest" duration-ms="18582" started-at="2013-10-09T01:06:35Z" finished-at="2013-10-09T01:06:53Z">
          <reporter-output>
          </reporter-output>
        </test-method> <!-- citySunriseTest -->
        <test-method status="PASS" signature="tearDown()[pri:0, instance:Tests@4ba046fe]" name="tearDown" is-config="true" duration-ms="74" started-at="2013-10-09T01:06:53Z" finished-at="2013-10-09T01:06:54Z">
          <reporter-output>
          </reporter-output>
        </test-method> <!-- tearDown -->
        <test-method status="PASS" signature="setUp(java.lang.String, java.lang.String, java.lang.String)[pri:0, instance:Tests@4ba046fe]" name="setUp" is-config="true" duration-ms="16992" started-at="2013-10-09T01:06:54Z" finished-at="2013-10-09T01:07:11Z">
          <params>
            <param index="0">
              <value>
                <![CDATA[firefox]]>
              </value>
            </param>
            <param index="1">
              <value>
                <![CDATA[http://localhost:4444/wd/hub]]>
              </value>
            </param>
            <param index="2">
              <value>
                <![CDATA[http://go.mail.ru]]>
              </value>
            </param>
          </params>
          <reporter-output>
          </reporter-output>
        </test-method> <!-- setUp -->
        <test-method status="PASS" signature="complexWorkTest()[pri:0, instance:Tests@4ba046fe]" name="complexWorkTest" duration-ms="17053" started-at="2013-10-09T01:07:11Z" finished-at="2013-10-09T01:07:28Z">
          <reporter-output>
          </reporter-output>
        </test-method> <!-- complexWorkTest -->
        <test-method status="PASS" signature="tearDown()[pri:0, instance:Tests@4ba046fe]" name="tearDown" is-config="true" duration-ms="72" started-at="2013-10-09T01:07:28Z" finished-at="2013-10-09T01:07:28Z">
          <reporter-output>
          </reporter-output>
        </test-method> <!-- tearDown -->
        <test-method status="PASS" signature="setUp(java.lang.String, java.lang.String, java.lang.String)[pri:0, instance:Tests@4ba046fe]" name="setUp" is-config="true" duration-ms="13086" started-at="2013-10-09T01:07:28Z" finished-at="2013-10-09T01:07:41Z">
          <params>
            <param index="0">
              <value>
                <![CDATA[firefox]]>
              </value>
            </param>
            <param index="1">
              <value>
                <![CDATA[http://localhost:4444/wd/hub]]>
              </value>
            </param>
            <param index="2">
              <value>
                <![CDATA[http://go.mail.ru]]>
              </value>
            </param>
          </params>
          <reporter-output>
          </reporter-output>
        </test-method> <!-- setUp -->
        <test-method status="PASS" signature="dateSunriseTest()[pri:0, instance:Tests@4ba046fe]" name="dateSunriseTest" duration-ms="2601" started-at="2013-10-09T01:07:41Z" finished-at="2013-10-09T01:07:43Z">
          <reporter-output>
          </reporter-output>
        </test-method> <!-- dateSunriseTest -->
        <test-method status="PASS" signature="tearDown()[pri:0, instance:Tests@4ba046fe]" name="tearDown" is-config="true" duration-ms="72" started-at="2013-10-09T01:07:43Z" finished-at="2013-10-09T01:07:43Z">
          <reporter-output>
          </reporter-output>
        </test-method> <!-- tearDown -->
        <test-method status="PASS" signature="setUp(java.lang.String, java.lang.String, java.lang.String)[pri:0, instance:Tests@4ba046fe]" name="setUp" is-config="true" duration-ms="161559" started-at="2013-10-09T01:07:43Z" finished-at="2013-10-09T01:10:25Z">
          <params>
            <param index="0">
              <value>
                <![CDATA[firefox]]>
              </value>
            </param>
            <param index="1">
              <value>
                <![CDATA[http://localhost:4444/wd/hub]]>
              </value>
            </param>
            <param index="2">
              <value>
                <![CDATA[http://go.mail.ru]]>
              </value>
            </param>
          </params>
          <reporter-output>
          </reporter-output>
        </test-method> <!-- setUp -->
        <test-method status="PASS" signature="datedefinitionSunriseTest()[pri:0, instance:Tests@4ba046fe]" name="datedefinitionSunriseTest" duration-ms="2592" started-at="2013-10-09T01:10:25Z" finished-at="2013-10-09T01:10:28Z">
          <reporter-output>
          </reporter-output>
        </test-method> <!-- datedefinitionSunriseTest -->
        <test-method status="PASS" signature="tearDown()[pri:0, instance:Tests@4ba046fe]" name="tearDown" is-config="true" duration-ms="77" started-at="2013-10-09T01:10:28Z" finished-at="2013-10-09T01:10:28Z">
          <reporter-output>
          </reporter-output>
        </test-method> <!-- tearDown -->
        <test-method status="PASS" signature="setUp(java.lang.String, java.lang.String, java.lang.String)[pri:0, instance:Tests@4ba046fe]" name="setUp" is-config="true" duration-ms="9101" started-at="2013-10-09T01:10:28Z" finished-at="2013-10-09T01:10:37Z">
          <params>
            <param index="0">
              <value>
                <![CDATA[firefox]]>
              </value>
            </param>
            <param index="1">
              <value>
                <![CDATA[http://localhost:4444/wd/hub]]>
              </value>
            </param>
            <param index="2">
              <value>
                <![CDATA[http://go.mail.ru]]>
              </value>
            </param>
          </params>
          <reporter-output>
          </reporter-output>
        </test-method> <!-- setUp -->
        <test-method status="PASS" signature="suggestsCityTest()[pri:0, instance:Tests@4ba046fe]" name="suggestsCityTest" duration-ms="2639" started-at="2013-10-09T01:10:37Z" finished-at="2013-10-09T01:10:39Z">
          <reporter-output>
          </reporter-output>
        </test-method> <!-- suggestsCityTest -->
        <test-method status="PASS" signature="tearDown()[pri:0, instance:Tests@4ba046fe]" name="tearDown" is-config="true" duration-ms="72" started-at="2013-10-09T01:10:39Z" finished-at="2013-10-09T01:10:39Z">
          <reporter-output>
          </reporter-output>
        </test-method> <!-- tearDown -->
        <test-method status="PASS" signature="setUp(java.lang.String, java.lang.String, java.lang.String)[pri:0, instance:Tests@4ba046fe]" name="setUp" is-config="true" duration-ms="4333" started-at="2013-10-09T01:10:39Z" finished-at="2013-10-09T01:10:44Z">
          <params>
            <param index="0">
              <value>
                <![CDATA[firefox]]>
              </value>
            </param>
            <param index="1">
              <value>
                <![CDATA[http://localhost:4444/wd/hub]]>
              </value>
            </param>
            <param index="2">
              <value>
                <![CDATA[http://go.mail.ru]]>
              </value>
            </param>
          </params>
          <reporter-output>
          </reporter-output>
        </test-method> <!-- setUp -->
        <test-method status="PASS" signature="suggestsTest()[pri:0, instance:Tests@4ba046fe]" name="suggestsTest" duration-ms="2693" started-at="2013-10-09T01:10:44Z" finished-at="2013-10-09T01:10:47Z">
          <reporter-output>
          </reporter-output>
        </test-method> <!-- suggestsTest -->
        <test-method status="PASS" signature="tearDown()[pri:0, instance:Tests@4ba046fe]" name="tearDown" is-config="true" duration-ms="74" started-at="2013-10-09T01:10:47Z" finished-at="2013-10-09T01:10:47Z">
          <reporter-output>
          </reporter-output>
        </test-method> <!-- tearDown -->
      </class> <!-- Tests -->
    </test> <!-- firefox -->
  </suite> <!-- auto test framework tests -->
</testng-results>
