<?xml version="1.0" encoding="UTF-8"?>
<testsuite name="TestSuite" time="51.033" tests="32" errors="0" skipped="23" failures="2">
  <properties>
[...]
</properties>
  <testcase name="setUp" classname="Tests" time="0.862">
    <failure message="The path to the driver executable must be set by the webdriver.chrome.driver system property; for more information, see http://code.google.com/p/selenium/wiki/ChromeDriver. The latest version can be downloaded from http://code.google.com/p/chromedriver/downloads/list&#10;Command duration or timeout: 143 milliseconds&#10;Build info: version: &apos;2.35.0&apos;, revision: &apos;8df0c6bedf70ff9f22c647788f9fe9c8d22210e2&apos;, time: &apos;2013-08-17 12:46:41&apos;&#10;System info: os.name: &apos;Linux&apos;, os.arch: &apos;amd64&apos;, os.version: &apos;3.11.1-031101-generic&apos;, java.version: &apos;1.7.0_25&apos;&#10;Driver info: org.openqa.selenium.remote.RemoteWebDriver" type="org.openqa.selenium.WebDriverException"><![CDATA[org.openqa.selenium.WebDriverException: The path to the driver executable must be set by the webdriver.chrome.driver system property; for more information, see http://code.google.com/p/selenium/wiki/ChromeDriver. The latest version can be downloaded from http://code.google.com/p/chromedriver/downloads/list
Command duration or timeout: 143 milliseconds
Build info: version: '2.35.0', revision: '8df0c6bedf70ff9f22c647788f9fe9c8d22210e2', time: '2013-08-17 12:46:41'
System info: os.name: 'Linux', os.arch: 'amd64', os.version: '3.11.1-031101-generic', java.version: '1.7.0_25'
Driver info: org.openqa.selenium.remote.RemoteWebDriver
	at com.google.common.base.Preconditions.checkState(Preconditions.java:176)
	at org.openqa.selenium.remote.service.DriverService.findExecutable(DriverService.java:105)
	at org.openqa.selenium.chrome.ChromeDriverService.createDefaultService(ChromeDriverService.java:75)
	at org.openqa.selenium.chrome.ChromeDriver.<init>(ChromeDriver.java:129)
	at sun.reflect.NativeConstructorAccessorImpl.newInstance0(Native Method)
	at sun.reflect.NativeConstructorAccessorImpl.newInstance(NativeConstructorAccessorImpl.java:57)
	at sun.reflect.DelegatingConstructorAccessorImpl.newInstance(DelegatingConstructorAccessorImpl.java:45)
	at java.lang.reflect.Constructor.newInstance(Constructor.java:526)
	at org.openqa.selenium.remote.server.DefaultDriverFactory.callConstructor(DefaultDriverFactory.java:62)
	at org.openqa.selenium.remote.server.DefaultDriverFactory.newInstance(DefaultDriverFactory.java:56)
	at org.openqa.selenium.remote.server.DefaultSession$BrowserCreator.call(DefaultSession.java:215)
	at org.openqa.selenium.remote.server.DefaultSession$BrowserCreator.call(DefaultSession.java:1)
	at java.util.concurrent.FutureTask$Sync.innerRun(FutureTask.java:334)
	at java.util.concurrent.FutureTask.run(FutureTask.java:166)
	at org.openqa.selenium.remote.server.DefaultSession$1.run(DefaultSession.java:169)
	at java.util.concurrent.ThreadPoolExecutor.runWorker(ThreadPoolExecutor.java:1145)
	at java.util.concurrent.ThreadPoolExecutor$Worker.run(ThreadPoolExecutor.java:615)
	at java.lang.Thread.run(Thread.java:724)
]]></failure>
  </testcase>
  <testcase name="SanityTest" classname="Tests" time="0">
    <skipped/>
  </testcase>
  <testcase name="tearDown" classname="Tests" time="0">
    <skipped/>
  </testcase>
  <testcase name="setUp" classname="Tests" time="0">
    <skipped/>
  </testcase>
  <testcase name="changeCityTest" classname="Tests" time="0">
    <skipped/>
  </testcase>
  <testcase name="tearDown" classname="Tests" time="0">
    <skipped/>
  </testcase>
  <testcase name="setUp" classname="Tests" time="0">
    <skipped/>
  </testcase>
  <testcase name="citySunriseTest" classname="Tests" time="0">
    <skipped/>
  </testcase>
  <testcase name="tearDown" classname="Tests" time="0">
    <skipped/>
  </testcase>
  <testcase name="setUp" classname="Tests" time="0">
    <skipped/>
  </testcase>
  <testcase name="complexWorkTest" classname="Tests" time="0">
    <skipped/>
  </testcase>
  <testcase name="tearDown" classname="Tests" time="0">
    <skipped/>
  </testcase>
  <testcase name="setUp" classname="Tests" time="0">
    <skipped/>
  </testcase>
  <testcase name="dateSunriseTest" classname="Tests" time="0">
    <skipped/>
  </testcase>
  <testcase name="tearDown" classname="Tests" time="0">
    <skipped/>
  </testcase>
  <testcase name="setUp" classname="Tests" time="0">
    <skipped/>
  </testcase>
  <testcase name="datedefinitionSunriseTest" classname="Tests" time="0">
    <skipped/>
  </testcase>
  <testcase name="tearDown" classname="Tests" time="0">
    <skipped/>
  </testcase>
  <testcase name="setUp" classname="Tests" time="0">
    <skipped/>
  </testcase>
  <testcase name="suggestsCityTest" classname="Tests" time="0">
    <skipped/>
  </testcase>
  <testcase name="tearDown" classname="Tests" time="0">
    <skipped/>
  </testcase>
  <testcase name="setUp" classname="Tests" time="0">
    <skipped/>
  </testcase>
  <testcase name="suggestsTest" classname="Tests" time="0">
    <skipped/>
  </testcase>
  <testcase name="tearDown" classname="Tests" time="0">
    <skipped/>
  </testcase>
  <testcase name="SanityTest" classname="Tests" time="2.851"/>
  <testcase name="changeCityTest" classname="Tests" time="1.158">
    <failure message="expected [: Тамбов] but found [: Москва]" type="java.lang.AssertionError">java.lang.AssertionError: expected [: Тамбов] but found [: Москва]
	at org.testng.Assert.fail(Assert.java:94)
	at org.testng.Assert.failNotEquals(Assert.java:494)
	at org.testng.Assert.assertEquals(Assert.java:123)
	at org.testng.Assert.assertEquals(Assert.java:176)
	at org.testng.Assert.assertEquals(Assert.java:186)
	at Tests.changeCityTest(Tests.java:65)
</failure>
  </testcase>
  <testcase name="citySunriseTest" classname="Tests" time="18.583"/>
  <testcase name="complexWorkTest" classname="Tests" time="17.053"/>
  <testcase name="dateSunriseTest" classname="Tests" time="2.601"/>
  <testcase name="datedefinitionSunriseTest" classname="Tests" time="2.592"/>
  <testcase name="suggestsCityTest" classname="Tests" time="2.64"/>
  <testcase name="suggestsTest" classname="Tests" time="2.693"/>
</testsuite>